{"level":"[INFO]","time":"2021-09-26 20:00:57","caller":"repository/session_repository.go:53","message":"select c.id, s.id as s{"level":"[ERROR]","time":"2021-09-26 20:02:20","caller":"controller/customer_controlller.go:58","message":"Email  not exist"}
s in result set"}
& s.status <> 0 && c.name like ?"}
{"level":"[INFO]","time":"2021-09-26 20:02:29","caller":"repository/session_repository.go:53","message":"select c.id, s.id as session_id, s.type as time_period, s.current_date from session_capacity as s\n\t\tjoin clinic c on s.clinic_id = c.id\n\t\twhere s.slot_left > 0 && s.status <> 0 && c.name like ?"}
9:56:50","caller":"scheduler/scheduler.go:37","message":"Scan to email...."}
{"level":"[INFO]","time":"2021-09-26 19:57:00","caller":"scheduler/scheduler.go:37","message":"Scan to email...."}
{"level":"[INFO]","time":"2021-09-26 19:57:10","caller":"scheduler/scheduler.go:37","message":"Scan to email...."}
{"level":"[INFO]","time":"2021-09-26 19:57:20","caller":"scheduler/scheduler.go:37","message":"Scan to email...."}
{"level":"[INFO]","time":"2021-09-26 19:57:30","caller":"scheduler/scheduler.go:37","message":"Scan to email...."}
{"level":"[INFO]","time":"2021-09-26 19:57:40","caller":"scheduler/scheduler.go:37","message":"Scan to email...."}
{"level":"[INFO]","time":"2021-09-26 19:57:50","caller":"scheduler/scheduler.go:37","message":"Scan to email...."}
{"level":"[INFO]","time":"2021-09-26 19:58:00","caller":"scheduler/scheduler.go:37","message":"Scan to email...."}
{"level":"[INFO]","time":"2021-09-26 19:58:10","caller":"scheduler/scheduler.go:37","message":"Scan to email...."}
{"level":"[INFO]","time":"2021-09-26 19:58:20","caller":"scheduler/scheduler.go:37","message":"Scan to email...."}
{"level":"[INFO]","time":"2021-09-26 19:58:30","caller":"scheduler/scheduler.go:37","message":"Scan to email...."}
{"level":"[INFO]","time":"2021-09-26 19:58:40","caller":"scheduler/scheduler.go:37","message":"Scan to email...."}
{"level":"[INFO]","time":"2021-09-26 19:58:50","caller":"scheduler/scheduler.go:37","message":"Scan to email...."}
{"level":"[INFO]","time":"2021-09-26 19:59:00","caller":"scheduler/scheduler.go:37","message":"Scan to email...."}
{"level":"[INFO]","time":"2021-09-26 19:59:10","caller":"scheduler/scheduler.go:37","message":"Scan to email...."}
{"level":"[INFO]","time":"2021-09-26 19:59:20","caller":"scheduler/scheduler.go:37","message":"Scan to email...."}
{"level":"[INFO]","time":"2021-09-26 19:59:30","caller":"scheduler/scheduler.go:37","message":"Scan to email...."}
{"level":"[INFO]","time":"2021-09-26 19:59:40","caller":"scheduler/scheduler.go:37","message":"Scan to email...."}
{"level":"[INFO]","time":"2021-09-26 19:59:50","caller":"scheduler/scheduler.go:37","message":"Scan to email...."}
{"level":"[INFO]","time":"2021-09-26 20:00:00","caller":"scheduler/scheduler.go:37","message":"Scan to email...."}
{"level":"[INFO]","time":"2021-09-26 20:00:10","caller":"scheduler/scheduler.go:37","message":"Scan to email...."}
{"level":"[INFO]","time":"2021-09-26 20:00:20","caller":"scheduler/scheduler.go:37","message":"Scan to email...."}
{"level":"[INFO]","time":"2021-09-26 20:00:30","caller":"scheduler/scheduler.go:37","message":"Scan to email...."}
{"level":"[INFO]","time":"2021-09-26 20:00:40","caller":"scheduler/scheduler.go:37","message":"Scan to email...."}
{"level":"[INFO]","time":"2021-09-26 20:00:50","caller":"scheduler/scheduler.go:37","message":"Scan to email...."}
{"level":"[INFO]","time":"2021-09-26 20:01:00","caller":"scheduler/scheduler.go:37","message":"Scan to email...."}
{"level":"[INFO]","time":"2021-09-26 20:01:10","caller":"scheduler/scheduler.go:37","message":"Scan to email...."}
{"level":"[INFO]","time":"2021-09-26 20:01:20","caller":"scheduler/scheduler.go:37","message":"Scan to email...."}
{"level":"[INFO]","time":"2021-09-26 20:01:30","caller":"scheduler/scheduler.go:37","message":"Scan to email...."}
{"level":"[INFO]","time":"2021-09-26 20:01:40","caller":"scheduler/scheduler.go:37","message":"Scan to email...."}
{"level":"[INFO]","time":"2021-09-26 20:01:50","caller":"scheduler/scheduler.go:37","message":"Scan to email...."}
{"level":"[INFO]","time":"2021-09-26 20:02:00","caller":"scheduler/scheduler.go:37","message":"Scan to email...."}
{"level":"[INFO]","time":"2021-09-26 20:02:10","caller":"scheduler/scheduler.go:37","message":"Scan to email...."}
{"level":"[INFO]","time":"2021-09-26 20:02:20","caller":"scheduler/scheduler.go:37","message":"Scan to email...."}
{"level":"[INFO]","time":"2021-09-26 20:02:30","caller":"scheduler/scheduler.go:37","message":"Scan to email...."}
{"level":"[INFO]","time":"2021-09-26 20:02:40","caller":"scheduler/scheduler.go:37","message":"Scan to email...."}
{"level":"[INFO]","time":"2021-09-26 20:02:50","caller":"scheduler/scheduler.go:37","message":"Scan to email...."}
{"level":"[INFO]","time":"2021-09-26 20:03:00","caller":"scheduler/scheduler.go:37","message":"Scan to email...."}
{"level":"[INFO]","time":"2021-09-26 20:03:10","caller":"scheduler/scheduler.go:37","message":"Scan to email...."}
{"level":"[INFO]","time":"2021-09-26 20:03:20","caller":"scheduler/scheduler.go:37","message":"Scan to email...."}
{"level":"[INFO]","time":"2021-09-26 20:03:30","caller":"scheduler/scheduler.go:37","message":"Scan to email...."}
{"level":"[INFO]","time":"2021-09-26 20:03:40","caller":"scheduler/scheduler.go:37","message":"Scan to email...."}
{"level":"[INFO]","time":"2021-09-26 20:03:50","caller":"scheduler/scheduler.go:37","message":"Scan to email...."}
{"level":"[INFO]","time":"2021-09-26 20:04:00","caller":"scheduler/scheduler.go:37","message":"Scan to email...."}
{"level":"[INFO]","time":"2021-09-26 20:04:10","caller":"scheduler/scheduler.go:37","message":"Scan to email...."}
{"level":"[INFO]","time":"2021-09-26 20:04:20","caller":"scheduler/scheduler.go:37","message":"Scan to email...."}
{"level":"[INFO]","time":"2021-09-26 20:04:30","caller":"scheduler/scheduler.go:37","message":"Scan to email...."}
{"level":"[INFO]","time":"2021-09-26 20:04:40","caller":"scheduler/scheduler.go:37","message":"Scan to email...."}
{"level":"[INFO]","time":"2021-09-26 20:04:50","caller":"scheduler/scheduler.go:37","message":"Scan to email...."}
{"level":"[INFO]","time":"2021-09-26 20:05:00","caller":"scheduler/scheduler.go:37","message":"Scan to email...."}
{"level":"[INFO]","time":"2021-09-26 20:05:10","caller":"scheduler/scheduler.go:37","message":"Scan to email...."}
{"level":"[INFO]","time":"2021-09-26 20:05:20","caller":"scheduler/scheduler.go:37","message":"Scan to email...."}
{"level":"[INFO]","time":"2021-09-26 20:05:30","caller":"scheduler/scheduler.go:37","message":"Scan to email...."}
{"level":"[INFO]","time":"2021-09-26 20:05:40","caller":"scheduler/scheduler.go:37","message":"Scan to email...."}
{"level":"[INFO]","time":"2021-09-26 20:05:50","caller":"scheduler/scheduler.go:37","message":"Scan to email...."}
{"level":"[INFO]","time":"2021-09-26 20:06:00","caller":"scheduler/scheduler.go:37","message":"Scan to email...."}
{"level":"[INFO]","time":"2021-09-26 20:06:10","caller":"scheduler/scheduler.go:37","message":"Scan to email...."}
{"level":"[INFO]","time":"2021-09-26 20:06:20","caller":"scheduler/scheduler.go:37","message":"Scan to email...."}
{"level":"[INFO]","time":"2021-09-26 20:06:30","caller":"scheduler/scheduler.go:37","message":"Scan to email...."}
{"level":"[INFO]","time":"2021-09-26 20:06:40","caller":"scheduler/scheduler.go:37","message":"Scan to email...."}
{"level":"[INFO]","time":"2021-09-26 20:06:50","caller":"scheduler/scheduler.go:37","message":"Scan to email...."}
{"level":"[INFO]","time":"2021-09-26 20:07:00","caller":"scheduler/scheduler.go:37","message":"Scan to email...."}
{"level":"[INFO]","time":"2021-09-26 20:07:10","caller":"scheduler/scheduler.go:37","message":"Scan to email...."}
{"level":"[INFO]","time":"2021-09-26 20:07:20","caller":"scheduler/scheduler.go:37","message":"Scan to email...."}
{"level":"[INFO]","time":"2021-09-26 20:07:30","caller":"scheduler/scheduler.go:37","message":"Scan to email...."}
{"level":"[INFO]","time":"2021-09-26 20:07:40","caller":"scheduler/scheduler.go:37","message":"Scan to email...."}
{"level":"[INFO]","time":"2021-09-26 20:07:50","caller":"scheduler/scheduler.go:37","message":"Scan to email...."}
{"level":"[INFO]","time":"2021-09-26 20:08:00","caller":"scheduler/scheduler.go:37","message":"Scan to email...."}
{"level":"[INFO]","time":"2021-09-26 20:08:10","caller":"scheduler/scheduler.go:37","message":"Scan to email...."}
{"level":"[INFO]","time":"2021-09-26 20:08:20","caller":"scheduler/scheduler.go:37","message":"Scan to email...."}
{"level":"[INFO]","time":"2021-09-26 20:08:30","caller":"scheduler/scheduler.go:37","message":"Scan to email...."}
{"level":"[INFO]","time":"2021-09-26 20:08:40","caller":"scheduler/scheduler.go:37","message":"Scan to email...."}
{"level":"[INFO]","time":"2021-09-26 20:08:50","caller":"scheduler/scheduler.go:37","message":"Scan to email...."}
{"level":"[INFO]","time":"2021-09-26 20:09:00","caller":"scheduler/scheduler.go:37","message":"Scan to email...."}
{"level":"[INFO]","time":"2021-09-26 20:09:10","caller":"scheduler/scheduler.go:37","message":"Scan to email...."}
{"level":"[INFO]","time":"2021-09-26 20:09:20","caller":"scheduler/scheduler.go:37","message":"Scan to email...."}
{"level":"[INFO]","time":"2021-09-26 20:09:30","caller":"scheduler/scheduler.go:37","message":"Scan to email...."}
{"level":"[INFO]","time":"2021-09-26 20:09:40","caller":"scheduler/scheduler.go:37","message":"Scan to email...."}
{"level":"[INFO]","time":"2021-09-26 20:09:50","caller":"scheduler/scheduler.go:37","message":"Scan to email...."}
{"level":"[INFO]","time":"2021-09-26 20:10:00","caller":"scheduler/scheduler.go:37","message":"Scan to email...."}
{"level":"[INFO]","time":"2021-09-26 20:10:10","caller":"scheduler/scheduler.go:37","message":"Scan to email...."}
{"level":"[INFO]","time":"2021-09-26 20:10:20","caller":"scheduler/scheduler.go:37","message":"Scan to email...."}
{"level":"[INFO]","time":"2021-09-26 20:10:30","caller":"scheduler/scheduler.go:37","message":"Scan to email...."}
{"level":"[INFO]","time":"2021-09-26 20:10:40","caller":"scheduler/scheduler.go:37","message":"Scan to email...."}
{"level":"[INFO]","time":"2021-09-26 20:10:50","caller":"scheduler/scheduler.go:37","message":"Scan to email...."}
{"level":"[INFO]","time":"2021-09-26 20:11:00","caller":"scheduler/scheduler.go:37","message":"Scan to email...."}
{"level":"[INFO]","time":"2021-09-26 20:11:10","caller":"scheduler/scheduler.go:37","message":"Scan to email...."}
{"level":"[INFO]","time":"2021-09-26 20:11:20","caller":"scheduler/scheduler.go:37","message":"Scan to email...."}
{"level":"[INFO]","time":"2021-09-26 20:11:30","caller":"scheduler/scheduler.go:37","message":"Scan to email...."}
{"level":"[INFO]","time":"2021-09-26 20:11:40","caller":"scheduler/scheduler.go:37","message":"Scan to email...."}
{"level":"[INFO]","time":"2021-09-26 20:11:50","caller":"scheduler/scheduler.go:37","message":"Scan to email...."}
{"level":"[INFO]","time":"2021-09-26 20:12:00","caller":"scheduler/scheduler.go:37","message":"Scan to email...."}
{"level":"[INFO]","time":"2021-09-26 20:12:10","caller":"scheduler/scheduler.go:37","message":"Scan to email...."}
{"level":"[INFO]","time":"2021-09-26 20:12:20","caller":"scheduler/scheduler.go:37","message":"Scan to email...."}
{"level":"[INFO]","time":"2021-09-26 20:12:30","caller":"scheduler/scheduler.go:37","message":"Scan to email...."}
{"level":"[INFO]","time":"2021-09-26 20:12:40","caller":"scheduler/scheduler.go:37","message":"Scan to email...."}
{"level":"[INFO]","time":"2021-09-26 20:12:50","caller":"scheduler/scheduler.go:37","message":"Scan to email...."}
{"level":"[INFO]","time":"2021-09-26 20:13:00","caller":"scheduler/scheduler.go:37","message":"Scan to email...."}
{"level":"[INFO]","time":"2021-09-26 20:13:10","caller":"scheduler/scheduler.go:37","message":"Scan to email...."}
{"level":"[INFO]","time":"2021-09-26 20:13:20","caller":"scheduler/scheduler.go:37","message":"Scan to email...."}
{"level":"[INFO]","time":"2021-09-26 20:13:30","caller":"scheduler/scheduler.go:37","message":"Scan to email...."}
{"level":"[INFO]","time":"2021-09-26 20:13:40","caller":"scheduler/scheduler.go:37","message":"Scan to email...."}
{"level":"[INFO]","time":"2021-09-26 20:13:50","caller":"scheduler/scheduler.go:37","message":"Scan to email...."}
{"level":"[INFO]","time":"2021-09-26 20:14:00","caller":"scheduler/scheduler.go:37","message":"Scan to email...."}
{"level":"[INFO]","time":"2021-09-26 20:14:10","caller":"scheduler/scheduler.go:37","message":"Scan to email...."}
{"level":"[INFO]","time":"2021-09-26 20:14:20","caller":"scheduler/scheduler.go:37","message":"Scan to email...."}
{"level":"[INFO]","time":"2021-09-26 20:14:30","caller":"scheduler/scheduler.go:37","message":"Scan to email...."}
{"level":"[INFO]","time":"2021-09-26 20:14:40","caller":"scheduler/scheduler.go:37","message":"Scan to email...."}
{"level":"[INFO]","time":"2021-09-26 20:14:50","caller":"scheduler/scheduler.go:37","message":"Scan to email...."}
{"level":"[INFO]","time":"2021-09-26 20:15:00","caller":"scheduler/scheduler.go:37","message":"Scan to email...."}
{"level":"[INFO]","time":"2021-09-26 20:15:10","caller":"scheduler/scheduler.go:37","message":"Scan to email...."}
{"level":"[INFO]","time":"2021-09-26 20:15:20","caller":"scheduler/scheduler.go:37","message":"Scan to email...."}
{"level":"[INFO]","time":"2021-09-26 20:15:30","caller":"scheduler/scheduler.go:37","message":"Scan to email...."}
{"level":"[INFO]","time":"2021-09-26 20:15:40","caller":"scheduler/scheduler.go:37","message":"Scan to email...."}
{"level":"[INFO]","time":"2021-09-26 20:15:50","caller":"scheduler/scheduler.go:37","message":"Scan to email...."}
{"level":"[INFO]","time":"2021-09-26 20:16:00","caller":"scheduler/scheduler.go:37","message":"Scan to email...."}
{"level":"[INFO]","time":"2021-09-26 20:16:10","caller":"scheduler/scheduler.go:37","message":"Scan to email...."}
{"level":"[INFO]","time":"2021-09-26 20:16:20","caller":"scheduler/scheduler.go:37","message":"Scan to email...."}
{"level":"[INFO]","time":"2021-09-26 20:16:30","caller":"scheduler/scheduler.go:37","message":"Scan to email...."}
{"level":"[INFO]","time":"2021-09-26 20:16:40","caller":"scheduler/scheduler.go:37","message":"Scan to email...."}
{"level":"[INFO]","time":"2021-09-26 20:16:50","caller":"scheduler/scheduler.go:37","message":"Scan to email...."}
{"level":"[INFO]","time":"2021-09-26 20:17:00","caller":"scheduler/scheduler.go:37","message":"Scan to email...."}
{"level":"[INFO]","time":"2021-09-26 20:17:10","caller":"scheduler/scheduler.go:37","message":"Scan to email...."}
{"level":"[INFO]","time":"2021-09-26 20:17:20","caller":"scheduler/scheduler.go:37","message":"Scan to email...."}
{"level":"[INFO]","time":"2021-09-26 20:17:30","caller":"scheduler/scheduler.go:37","message":"Scan to email...."}
{"level":"[INFO]","time":"2021-09-26 20:17:40","caller":"scheduler/scheduler.go:37","message":"Scan to email...."}
{"level":"[INFO]","time":"2021-09-26 20:17:50","caller":"scheduler/scheduler.go:37","message":"Scan to email...."}
{"level":"[INFO]","time":"2021-09-26 20:18:00","caller":"scheduler/scheduler.go:37","message":"Scan to email...."}
{"level":"[INFO]","time":"2021-09-26 20:18:10","caller":"scheduler/scheduler.go:37","message":"Scan to email...."}
{"level":"[INFO]","time":"2021-09-26 20:18:20","caller":"scheduler/scheduler.go:37","message":"Scan to email...."}
{"level":"[INFO]","time":"2021-09-26 20:18:30","caller":"scheduler/scheduler.go:37","message":"Scan to email...."}
{"level":"[INFO]","time":"2021-09-26 20:18:40","caller":"scheduler/scheduler.go:37","message":"Scan to email...."}
{"level":"[INFO]","time":"2021-09-26 20:18:50","caller":"scheduler/scheduler.go:37","message":"Scan to email...."}
{"level":"[INFO]","time":"2021-09-26 20:19:00","caller":"scheduler/scheduler.go:37","message":"Scan to email...."}
{"level":"[INFO]","time":"2021-09-26 20:19:10","caller":"scheduler/scheduler.go:37","message":"Scan to email...."}
{"level":"[INFO]","time":"2021-09-26 20:19:20","caller":"scheduler/scheduler.go:37","message":"Scan to email...."}
{"level":"[INFO]","time":"2021-09-26 20:19:30","caller":"scheduler/scheduler.go:37","message":"Scan to email...."}
{"level":"[INFO]","time":"2021-09-26 20:19:40","caller":"scheduler/scheduler.go:37","message":"Scan to email...."}
{"level":"[INFO]","time":"2021-09-26 20:19:50","caller":"scheduler/scheduler.go:37","message":"Scan to email...."}
{"level":"[INFO]","time":"2021-09-26 20:20:00","caller":"scheduler/scheduler.go:37","message":"Scan to email...."}
{"level":"[INFO]","time":"2021-09-26 20:20:10","caller":"scheduler/scheduler.go:37","message":"Scan to email...."}
{"level":"[INFO]","time":"2021-09-26 20:20:20","caller":"scheduler/scheduler.go:37","message":"Scan to email...."}
{"level":"[INFO]","time":"2021-09-26 20:20:30","caller":"scheduler/scheduler.go:37","message":"Scan to email...."}
{"level":"[INFO]","time":"2021-09-26 20:20:40","caller":"scheduler/scheduler.go:37","message":"Scan to email...."}
{"level":"[INFO]","time":"2021-09-26 20:20:50","caller":"scheduler/scheduler.go:37","message":"Scan to email...."}
{"level":"[INFO]","time":"2021-09-26 20:21:00","caller":"scheduler/scheduler.go:37","message":"Scan to email...."}
{"level":"[INFO]","time":"2021-09-26 20:21:10","caller":"scheduler/scheduler.go:37","message":"Scan to email...."}
{"level":"[INFO]","time":"2021-09-26 20:21:20","caller":"scheduler/scheduler.go:37","message":"Scan to email...."}
{"level":"[INFO]","time":"2021-09-26 20:21:30","caller":"scheduler/scheduler.go:37","message":"Scan to email...."}
{"level":"[INFO]","time":"2021-09-26 20:21:40","caller":"scheduler/scheduler.go:37","message":"Scan to email...."}
{"level":"[INFO]","time":"2021-09-26 20:21:50","caller":"scheduler/scheduler.go:37","message":"Scan to email...."}
{"level":"[INFO]","time":"2021-09-26 20:22:00","caller":"scheduler/scheduler.go:37","message":"Scan to email...."}
{"level":"[INFO]","time":"2021-09-26 20:22:10","caller":"scheduler/scheduler.go:37","message":"Scan to email...."}
{"level":"[INFO]","time":"2021-09-26 20:22:20","caller":"scheduler/scheduler.go:37","message":"Scan to email...."}
{"level":"[INFO]","time":"2021-09-26 20:22:30","caller":"scheduler/scheduler.go:37","message":"Scan to email...."}
{"level":"[INFO]","time":"2021-09-26 20:22:40","caller":"scheduler/scheduler.go:37","message":"Scan to email...."}
{"level":"[INFO]","time":"2021-09-26 20:22:50","caller":"scheduler/scheduler.go:37","message":"Scan to email...."}
{"level":"[INFO]","time":"2021-09-26 20:23:00","caller":"scheduler/scheduler.go:37","message":"Scan to email...."}
{"level":"[INFO]","time":"2021-09-26 20:23:10","caller":"scheduler/scheduler.go:37","message":"Scan to email...."}
{"level":"[INFO]","time":"2021-09-26 20:23:20","caller":"scheduler/scheduler.go:37","message":"Scan to email...."}
{"level":"[INFO]","time":"2021-09-26 20:23:30","caller":"scheduler/scheduler.go:37","message":"Scan to email...."}
{"level":"[INFO]","time":"2021-09-26 20:23:40","caller":"scheduler/scheduler.go:37","message":"Scan to email...."}
{"level":"[INFO]","time":"2021-09-26 20:23:50","caller":"scheduler/scheduler.go:37","message":"Scan to email...."}
{"level":"[INFO]","time":"2021-09-26 20:24:00","caller":"scheduler/scheduler.go:37","message":"Scan to email...."}
{"level":"[INFO]","time":"2021-09-26 20:24:10","caller":"scheduler/scheduler.go:37","message":"Scan to email...."}
{"level":"[INFO]","time":"2021-09-26 20:24:20","caller":"scheduler/scheduler.go:37","message":"Scan to email...."}
{"level":"[INFO]","time":"2021-09-26 20:24:30","caller":"scheduler/scheduler.go:37","message":"Scan to email...."}
{"level":"[INFO]","time":"2021-09-26 20:24:40","caller":"scheduler/scheduler.go:37","message":"Scan to email...."}
{"level":"[INFO]","time":"2021-09-26 20:24:50","caller":"scheduler/scheduler.go:37","message":"Scan to email...."}
{"level":"[INFO]","time":"2021-09-26 20:25:00","caller":"scheduler/scheduler.go:37","message":"Scan to email...."}
{"level":"[INFO]","time":"2021-09-26 20:25:10","caller":"scheduler/scheduler.go:37","message":"Scan to email...."}
{"level":"[INFO]","time":"2021-09-26 20:25:20","caller":"scheduler/scheduler.go:37","message":"Scan to email...."}
{"level":"[INFO]","time":"2021-09-26 20:25:30","caller":"scheduler/scheduler.go:37","message":"Scan to email...."}
{"level":"[INFO]","time":"2021-09-26 20:25:40","caller":"scheduler/scheduler.go:37","message":"Scan to email...."}
{"level":"[INFO]","time":"2021-09-26 20:25:50","caller":"scheduler/scheduler.go:37","message":"Scan to email...."}
{"level":"[INFO]","time":"2021-09-26 20:26:00","caller":"scheduler/scheduler.go:37","message":"Scan to email...."}
{"level":"[INFO]","time":"2021-09-26 20:26:10","caller":"scheduler/scheduler.go:37","message":"Scan to email...."}
{"level":"[INFO]","time":"2021-09-26 20:26:20","caller":"scheduler/scheduler.go:37","message":"Scan to email...."}
{"level":"[INFO]","time":"2021-09-26 20:26:30","caller":"scheduler/scheduler.go:37","message":"Scan to email...."}
{"level":"[INFO]","time":"2021-09-26 20:26:40","caller":"scheduler/scheduler.go:37","message":"Scan to email...."}
{"level":"[INFO]","time":"2021-09-26 20:26:50","caller":"scheduler/scheduler.go:37","message":"Scan to email...."}
{"level":"[INFO]","time":"2021-09-26 20:27:00","caller":"scheduler/scheduler.go:37","message":"Scan to email...."}
{"level":"[INFO]","time":"2021-09-26 20:27:10","caller":"scheduler/scheduler.go:37","message":"Scan to email...."}
{"level":"[INFO]","time":"2021-09-26 20:27:20","caller":"scheduler/scheduler.go:37","message":"Scan to email...."}
{"level":"[INFO]","time":"2021-09-26 20:27:30","caller":"scheduler/scheduler.go:37","message":"Scan to email...."}
{"level":"[INFO]","time":"2021-09-26 20:27:40","caller":"scheduler/scheduler.go:37","message":"Scan to email...."}
{"level":"[INFO]","time":"2021-09-26 20:27:50","caller":"scheduler/scheduler.go:37","message":"Scan to email...."}
{"level":"[INFO]","time":"2021-09-26 20:28:00","caller":"scheduler/scheduler.go:37","message":"Scan to email...."}
{"level":"[INFO]","time":"2021-09-26 20:28:10","caller":"scheduler/scheduler.go:37","message":"Scan to email...."}
{"level":"[INFO]","time":"2021-09-26 20:28:20","caller":"scheduler/scheduler.go:37","message":"Scan to email...."}
{"level":"[INFO]","time":"2021-09-26 20:28:30","caller":"scheduler/scheduler.go:37","message":"Scan to email...."}
{"level":"[INFO]","time":"2021-09-26 20:28:40","caller":"scheduler/scheduler.go:37","message":"Scan to email...."}
{"level":"[INFO]","time":"2021-09-26 20:28:50","caller":"scheduler/scheduler.go:37","message":"Scan to email...."}
{"level":"[INFO]","time":"2021-09-26 20:29:00","caller":"scheduler/scheduler.go:37","message":"Scan to email...."}
{"level":"[INFO]","time":"2021-09-26 20:29:10","caller":"scheduler/scheduler.go:37","message":"Scan to email...."}
{"level":"[INFO]","time":"2021-09-26 20:29:20","caller":"scheduler/scheduler.go:37","message":"Scan to email...."}
{"level":"[INFO]","time":"2021-09-26 20:29:30","caller":"scheduler/scheduler.go:37","message":"Scan to email...."}
{"level":"[INFO]","time":"2021-09-26 20:29:40","caller":"scheduler/scheduler.go:37","message":"Scan to email...."}
{"level":"[INFO]","time":"2021-09-26 20:29:50","caller":"scheduler/scheduler.go:37","message":"Scan to email...."}
{"level":"[INFO]","time":"2021-09-26 20:30:00","caller":"scheduler/scheduler.go:37","message":"Scan to email...."}
{"level":"[INFO]","time":"2021-09-26 20:30:10","caller":"scheduler/scheduler.go:37","message":"Scan to email...."}
{"level":"[INFO]","time":"2021-09-26 20:30:20","caller":"scheduler/scheduler.go:37","message":"Scan to email...."}
{"level":"[INFO]","time":"2021-09-26 20:30:30","caller":"scheduler/scheduler.go:37","message":"Scan to email...."}
{"level":"[INFO]","time":"2021-09-26 20:30:40","caller":"scheduler/scheduler.go:37","message":"Scan to email...."}
{"level":"[INFO]","time":"2021-09-26 20:30:50","caller":"scheduler/scheduler.go:37","message":"Scan to email...."}
{"level":"[INFO]","time":"2021-09-26 20:31:00","caller":"scheduler/scheduler.go:37","message":"Scan to email...."}
{"level":"[INFO]","time":"2021-09-26 20:31:10","caller":"scheduler/scheduler.go:37","message":"Scan to email...."}
{"level":"[INFO]","time":"2021-09-26 20:31:20","caller":"scheduler/scheduler.go:37","message":"Scan to email...."}
{"level":"[INFO]","time":"2021-09-26 20:31:30","caller":"scheduler/scheduler.go:37","message":"Scan to email...."}
{"level":"[INFO]","time":"2021-09-26 20:31:40","caller":"scheduler/scheduler.go:37","message":"Scan to email...."}
{"level":"[INFO]","time":"2021-09-26 20:31:50","caller":"scheduler/scheduler.go:37","message":"Scan to email...."}
{"level":"[INFO]","time":"2021-09-26 20:32:00","caller":"scheduler/scheduler.go:37","message":"Scan to email...."}
